<?xml version="1.0" encoding="UTF-8"?>
<testng-results skipped="0" failed="0" ignored="0" total="1" passed="1">
  <reporter-output>
  </reporter-output>
  <suite name="Default suite" duration-ms="11784" started-at="2019-12-28T08:44:17Z" finished-at="2019-12-28T08:44:28Z">
    <groups>
    </groups>
    <test name="Default test" duration-ms="11784" started-at="2019-12-28T08:44:17Z" finished-at="2019-12-28T08:44:28Z">
      <class name="Abc">
        <test-method status="PASS" signature="TC_1()[pri:0, instance:Abc@475530b9]" name="TC_1" duration-ms="11753" started-at="2019-12-28T08:44:17Z" finished-at="2019-12-28T08:44:28Z">
          <reporter-output>
          </reporter-output>
        </test-method> <!-- TC_1 -->
      </class> <!-- Abc -->
    </test> <!-- Default test -->
  </suite> <!-- Default suite -->
</testng-results>
